<?xml version="1.0" encoding="UTF-8"?>
<testsuite xmlns:xsi="http://www.w3.org/2001/XMLSchema-instance" xsi:noNamespaceSchemaLocation="https://maven.apache.org/surefire/maven-surefire-plugin/xsd/surefire-test-report-3.0.xsd" version="3.0" name="com.mcpserver.BootMcpServerApplicationTests" time="6.061" tests="1" errors="0" skipped="0" failures="0">
  <properties>
[...]
</properties>
  <testcase name="contextLoads" classname="com.mcpserver.BootMcpServerApplicationTests" time="0.652">
    <system-out><![CDATA[15:17:51.313 [main] INFO org.springframework.test.context.support.AnnotationConfigContextLoaderUtils -- Could not detect default configuration classes for test class [com.mcpserver.BootMcpServerApplicationTests]: BootMcpServerApplicationTests does not declare any static, non-private, non-final, nested classes annotated with @Configuration.
15:17:51.421 [main] INFO org.springframework.boot.test.context.SpringBootTestContextBootstrapper -- Found @SpringBootConfiguration com.mcpserver.BootMcpServerApplication for test class com.mcpserver.BootMcpServerApplicationTests
2025-07-02T15:17:51.807+08:00  INFO 22680 --- [knowledge-base] [           main] c.a.nacos.client.logging.NacosLogging    : Nacos Logging Adapter Builder: com.alibaba.nacos.logger.adapter.logback12.LogbackNacosLoggingAdapterBuilder
2025-07-02T15:17:51.816+08:00  INFO 22680 --- [knowledge-base] [           main] c.a.nacos.client.logging.NacosLogging    : Nacos Logging Adapter Builder: com.alibaba.nacos.logger.adapter.logback14.LogbackNacosLoggingAdapterBuilder
2025-07-02T15:17:51.817+08:00  INFO 22680 --- [knowledge-base] [           main] c.a.nacos.client.logging.NacosLogging    : Nacos Logging Adapter: com.alibaba.nacos.logger.adapter.logback14.LogbackNacosLoggingAdapter match ch.qos.logback.classic.Logger success.
2025-07-02T15:17:51.824+08:00  INFO 22680 --- [knowledge-base] [           main] c.a.nacos.client.logging.NacosLogging    : Nacos Logging Adapter Builder: com.alibaba.nacos.logger.adapter.log4j2.Log4j2NacosLoggingAdapterBuilder

  .   ____          _            __ _ _
 /\\ / ___'_ __ _ _(_)_ __  __ _ \ \ \ \
( ( )\___ | '_ | '_| | '_ \/ _` | \ \ \ \
 \\/  ___)| |_)| | | | | || (_| |  ) ) ) )
  '  |____| .__|_| |_|_| |_\__, | / / / /
 =========|_|==============|___/=/_/_/_/

 :: Spring Boot ::                (v3.4.3)

2025-07-02T15:17:52.022+08:00  WARN 22680 --- [knowledge-base] [           main] ory$DuplicateJsonObjectContextCustomizer : 

Found multiple occurrences of org.json.JSONObject on the class path:

	jar:file:/F:/path/to/local/repo/com/vaadin/external/google/android-json/0.0.20131108.vaadin1/android-json-0.0.20131108.vaadin1.jar!/org/json/JSONObject.class
	jar:file:/F:/path/to/local/repo/org/json/json/20240303/json-20240303.jar!/org/json/JSONObject.class

You may wish to exclude one of them to ensure predictable runtime behavior

2025-07-02T15:17:52.058+08:00  INFO 22680 --- [knowledge-base] [           main] c.m.BootMcpServerApplicationTests        : Starting BootMcpServerApplicationTests using Java 21.0.6 with PID 22680 (started by woixu in F:\java\java\project-example\boot-mcp-server)
2025-07-02T15:17:52.060+08:00  INFO 22680 --- [knowledge-base] [           main] c.m.BootMcpServerApplicationTests        : The following 2 profiles are active: "dev", "private"
2025-07-02T15:17:53.172+08:00  WARN 22680 --- [knowledge-base] [           main] trationDelegate$BeanPostProcessorChecker : Bean 'com.alibaba.cloud.nacos.NacosConfigAutoConfiguration' of type [com.alibaba.cloud.nacos.NacosConfigAutoConfiguration] is not eligible for getting processed by all BeanPostProcessors (for example: not eligible for auto-proxying). The currently created BeanPostProcessor [nacosAnnotationProcessor] is declared through a non-static factory method on that class; consider declaring it as static instead.
2025-07-02T15:17:53.182+08:00  WARN 22680 --- [knowledge-base] [           main] trationDelegate$BeanPostProcessorChecker : Bean 'nacosConfigProperties' of type [com.alibaba.cloud.nacos.NacosConfigProperties] is not eligible for getting processed by all BeanPostProcessors (for example: not eligible for auto-proxying). Is this bean getting eagerly injected/applied to a currently created BeanPostProcessor [nacosAnnotationProcessor]? Check the corresponding BeanPostProcessor declaration and its dependencies/advisors. If this bean does not have to be post-processed, declare it with ROLE_INFRASTRUCTURE.
2025-07-02T15:17:53.299+08:00  INFO 22680 --- [knowledge-base] [           main] c.a.n.p.a.s.c.ClientAuthPluginManager    : [ClientAuthPluginManager] Load ClientAuthService com.alibaba.nacos.client.auth.impl.NacosClientAuthServiceImpl success.
2025-07-02T15:17:53.299+08:00  INFO 22680 --- [knowledge-base] [           main] c.a.n.p.a.s.c.ClientAuthPluginManager    : [ClientAuthPluginManager] Load ClientAuthService com.alibaba.nacos.client.auth.ram.RamClientAuthServiceImpl success.
2025-07-02T15:17:53.301+08:00  WARN 22680 --- [knowledge-base] [           main] trationDelegate$BeanPostProcessorChecker : Bean 'nacosConfigManager' of type [com.alibaba.cloud.nacos.NacosConfigManager] is not eligible for getting processed by all BeanPostProcessors (for example: not eligible for auto-proxying). Is this bean getting eagerly injected/applied to a currently created BeanPostProcessor [nacosAnnotationProcessor]? Check the corresponding BeanPostProcessor declaration and its dependencies/advisors. If this bean does not have to be post-processed, declare it with ROLE_INFRASTRUCTURE.
 _ _   |_  _ _|_. ___ _ |    _ 
| | |\/|_)(_| | |_\  |_)||_|_\ 
     /               |         
                        3.5.5 
2025-07-02T15:17:56.343+08:00  INFO 22680 --- [knowledge-base] [           main] o.s.a.m.s.a.McpServerAutoConfiguration   : Enable tools capabilities, notification: true
2025-07-02T15:17:56.410+08:00  INFO 22680 --- [knowledge-base] [           main] o.s.a.m.s.a.McpServerAutoConfiguration   : Registered tools: 4
2025-07-02T15:17:56.410+08:00  INFO 22680 --- [knowledge-base] [           main] o.s.a.m.s.a.McpServerAutoConfiguration   : Enable resources capabilities, notification: true
2025-07-02T15:17:56.411+08:00  INFO 22680 --- [knowledge-base] [           main] o.s.a.m.s.a.McpServerAutoConfiguration   : Enable prompts capabilities, notification: true
2025-07-02T15:17:56.413+08:00  INFO 22680 --- [knowledge-base] [           main] o.s.a.m.s.a.McpServerAutoConfiguration   : Enable completions capabilities
2025-07-02T15:17:56.546+08:00  INFO 22680 --- [knowledge-base] [           main] c.m.BootMcpServerApplicationTests        : Started BootMcpServerApplicationTests in 4.987 seconds (process running for 5.977)
]]></system-out>
    <system-err><![CDATA[Mockito is currently self-attaching to enable the inline-mock-maker. This will no longer work in future releases of the JDK. Please add Mockito as an agent to your build what is described in Mockito's documentation: https://javadoc.io/doc/org.mockito/mockito-core/latest/org/mockito/Mockito.html#0.3
WARNING: A Java agent has been loaded dynamically (F:\path\to\local\repo\net\bytebuddy\byte-buddy-agent\1.15.11\byte-buddy-agent-1.15.11.jar)
WARNING: If a serviceability tool is in use, please run with -XX:+EnableDynamicAgentLoading to hide this warning
WARNING: If a serviceability tool is not in use, please run with -Djdk.instrument.traceUsage for more information
WARNING: Dynamic loading of agents will be disallowed by default in a future release
]]></system-err>
  </testcase>
</testsuite>